0 info it worked if it ends with ok
1 verbose cli [ 'node', '/usr/local/bin/npm', 'install', 'nodemailer' ]
2 info using npm@1.4.28
3 info using node@v0.10.32
4 warn package.json NodeGoogleCalendarTutorial@0.0.1 No repository field.
5 verbose readDependencies using package.json deps
6 verbose cache add [ 'nodemailer', null ]
7 verbose cache add name=undefined spec="nodemailer" args=["nodemailer",null]
8 verbose parsed url { protocol: null,
8 verbose parsed url   slashes: null,
8 verbose parsed url   auth: null,
8 verbose parsed url   host: null,
8 verbose parsed url   port: null,
8 verbose parsed url   hostname: null,
8 verbose parsed url   hash: null,
8 verbose parsed url   search: null,
8 verbose parsed url   query: null,
8 verbose parsed url   pathname: 'nodemailer',
8 verbose parsed url   path: 'nodemailer',
8 verbose parsed url   href: 'nodemailer' }
9 silly lockFile 2e159dcb-nodemailer nodemailer
10 verbose lock nodemailer /Users/emmanuel/.npm/2e159dcb-nodemailer.lock
11 silly lockFile 2e159dcb-nodemailer nodemailer
12 silly lockFile 2e159dcb-nodemailer nodemailer
13 verbose addNamed [ 'nodemailer', '' ]
14 verbose addNamed [ null, '*' ]
15 silly lockFile a9602281-nodemailer nodemailer@
16 verbose lock nodemailer@ /Users/emmanuel/.npm/a9602281-nodemailer.lock
17 silly addNameRange { name: 'nodemailer', range: '*', hasData: false }
18 verbose request where is /nodemailer
19 verbose request registry https://registry.npmjs.org/
20 verbose request id 7388466bb38bf480
21 verbose url raw /nodemailer
22 verbose url resolving [ 'https://registry.npmjs.org/', './nodemailer' ]
23 verbose url resolved https://registry.npmjs.org/nodemailer
24 verbose request where is https://registry.npmjs.org/nodemailer
25 info trying registry request attempt 1 at 20:02:00
26 verbose etag "3Q4W8NRPUIPYAD6EJ1S3BD1VF"
27 http GET https://registry.npmjs.org/nodemailer
28 http 200 https://registry.npmjs.org/nodemailer
29 silly registry.get cb [ 200,
29 silly registry.get   { server: 'CouchDB/1.5.0 (Erlang OTP/R16B03)',
29 silly registry.get     etag: '"87MME6WGAMPZ82E0ZJ05K96OP"',
29 silly registry.get     'content-type': 'application/json',
29 silly registry.get     'cache-control': 'max-age=60',
29 silly registry.get     'content-length': '178236',
29 silly registry.get     'accept-ranges': 'bytes',
29 silly registry.get     date: 'Wed, 09 Dec 2015 01:02:01 GMT',
29 silly registry.get     via: '1.1 varnish',
29 silly registry.get     age: '0',
29 silly registry.get     connection: 'keep-alive',
29 silly registry.get     'x-served-by': 'cache-dfw1830-DFW',
29 silly registry.get     'x-cache': 'HIT',
29 silly registry.get     'x-cache-hits': '1',
29 silly registry.get     'x-timer': 'S1449622921.808249,VS0,VE65',
29 silly registry.get     vary: 'Accept' } ]
30 silly addNameRange number 2 { name: 'nodemailer', range: '*', hasData: true }
31 silly addNameRange versions [ 'nodemailer',
31 silly addNameRange   [ '0.1.1',
31 silly addNameRange     '0.1.2',
31 silly addNameRange     '0.1.3',
31 silly addNameRange     '0.1.4',
31 silly addNameRange     '0.1.5',
31 silly addNameRange     '0.1.6',
31 silly addNameRange     '0.1.7',
31 silly addNameRange     '0.1.8',
31 silly addNameRange     '0.1.9',
31 silly addNameRange     '0.1.10',
31 silly addNameRange     '0.1.11',
31 silly addNameRange     '0.1.12',
31 silly addNameRange     '0.1.13',
31 silly addNameRange     '0.1.14',
31 silly addNameRange     '0.1.15',
31 silly addNameRange     '0.1.16',
31 silly addNameRange     '0.1.17',
31 silly addNameRange     '0.1.18',
31 silly addNameRange     '0.1.19',
31 silly addNameRange     '0.1.20',
31 silly addNameRange     '0.1.21',
31 silly addNameRange     '0.1.22',
31 silly addNameRange     '0.1.23',
31 silly addNameRange     '0.1.24',
31 silly addNameRange     '0.2.0',
31 silly addNameRange     '0.2.1',
31 silly addNameRange     '0.2.2',
31 silly addNameRange     '0.2.3',
31 silly addNameRange     '0.2.4',
31 silly addNameRange     '0.3.0',
31 silly addNameRange     '0.3.1',
31 silly addNameRange     '0.3.2',
31 silly addNameRange     '0.3.3',
31 silly addNameRange     '0.3.4',
31 silly addNameRange     '0.3.5',
31 silly addNameRange     '0.3.6',
31 silly addNameRange     '0.3.7',
31 silly addNameRange     '0.3.8',
31 silly addNameRange     '0.3.9',
31 silly addNameRange     '0.3.10',
31 silly addNameRange     '0.3.11',
31 silly addNameRange     '0.3.12',
31 silly addNameRange     '0.3.13',
31 silly addNameRange     '0.3.14',
31 silly addNameRange     '0.3.15',
31 silly addNameRange     '0.3.16',
31 silly addNameRange     '0.3.17',
31 silly addNameRange     '0.3.18',
31 silly addNameRange     '0.3.19',
31 silly addNameRange     '0.3.20',
31 silly addNameRange     '0.3.21',
31 silly addNameRange     '0.3.22',
31 silly addNameRange     '0.3.23',
31 silly addNameRange     '0.3.24',
31 silly addNameRange     '0.3.25',
31 silly addNameRange     '0.3.26',
31 silly addNameRange     '0.3.27',
31 silly addNameRange     '0.3.28',
31 silly addNameRange     '0.3.29',
31 silly addNameRange     '0.3.30',
31 silly addNameRange     '0.3.31',
31 silly addNameRange     '0.3.32',
31 silly addNameRange     '0.3.33',
31 silly addNameRange     '0.3.34',
31 silly addNameRange     '0.3.35',
31 silly addNameRange     '0.3.37',
31 silly addNameRange     '0.3.38',
31 silly addNameRange     '0.3.39',
31 silly addNameRange     '0.3.40',
31 silly addNameRange     '0.3.41',
31 silly addNameRange     '0.3.42',
31 silly addNameRange     '0.3.43',
31 silly addNameRange     '0.3.44',
31 silly addNameRange     '0.4.0',
31 silly addNameRange     '0.4.1',
31 silly addNameRange     '0.4.2',
31 silly addNameRange     '0.4.3',
31 silly addNameRange     '0.4.4',
31 silly addNameRange     '0.5.0',
31 silly addNameRange     '0.5.1',
31 silly addNameRange     '0.5.2',
31 silly addNameRange     '0.5.3',
31 silly addNameRange     '0.5.4',
31 silly addNameRange     '0.5.5',
31 silly addNameRange     '0.5.6',
31 silly addNameRange     '0.5.7',
31 silly addNameRange     '0.5.8',
31 silly addNameRange     '0.5.9',
31 silly addNameRange     '0.5.10',
31 silly addNameRange     '0.5.11',
31 silly addNameRange     '0.5.12',
31 silly addNameRange     '0.5.13',
31 silly addNameRange     '0.5.14',
31 silly addNameRange     '0.5.15',
31 silly addNameRange     '0.6.0',
31 silly addNameRange     '0.6.1',
31 silly addNameRange     '0.6.2',
31 silly addNameRange     '0.6.3',
31 silly addNameRange     '0.6.4',
31 silly addNameRange     '0.6.5',
31 silly addNameRange     '0.7.0',
31 silly addNameRange     '0.7.1',
31 silly addNameRange     '1.0.0-rc.1',
31 silly addNameRange     '1.0.0',
31 silly addNameRange     '1.0.1',
31 silly addNameRange     '1.0.2',
31 silly addNameRange     '1.0.3',
31 silly addNameRange     '1.0.4',
31 silly addNameRange     '1.1.0',
31 silly addNameRange     '1.1.1',
31 silly addNameRange     '1.1.2',
31 silly addNameRange     '1.2.0',
31 silly addNameRange     '1.2.1',
31 silly addNameRange     '1.2.2',
31 silly addNameRange     '1.3.0',
31 silly addNameRange     '1.3.1',
31 silly addNameRange     '1.3.2',
31 silly addNameRange     '1.3.3',
31 silly addNameRange     '1.3.4',
31 silly addNameRange     '1.4.0',
31 silly addNameRange     '1.5.0',
31 silly addNameRange     '1.6.0',
31 silly addNameRange     '1.7.0',
31 silly addNameRange     '1.8.0',
31 silly addNameRange     '1.9.0',
31 silly addNameRange     '1.10.0' ] ]
32 verbose addNamed [ 'nodemailer', '1.10.0' ]
33 verbose addNamed [ '1.10.0', '1.10.0' ]
34 silly lockFile d775a011-nodemailer-1-10-0 nodemailer@1.10.0
35 verbose lock nodemailer@1.10.0 /Users/emmanuel/.npm/d775a011-nodemailer-1-10-0.lock
36 silly lockFile 609eae75-nodemailer-nodemailer-1-10-0-tgz https://registry.npmjs.org/nodemailer/-/nodemailer-1.10.0.tgz
37 verbose lock https://registry.npmjs.org/nodemailer/-/nodemailer-1.10.0.tgz /Users/emmanuel/.npm/609eae75-nodemailer-nodemailer-1-10-0-tgz.lock
38 verbose addRemoteTarball [ 'https://registry.npmjs.org/nodemailer/-/nodemailer-1.10.0.tgz',
38 verbose addRemoteTarball   '57e6f02ce2cd54910c23d4c4001e2c474021b541' ]
39 info retry fetch attempt 1 at 20:02:01
40 verbose fetch to= /var/folders/fd/7nxgz5nn64nb9fb66krw1vyw0000gn/T/npm-11812-faiHpyOS/registry.npmjs.org/nodemailer/-/nodemailer-1.10.0.tgz
41 http GET https://registry.npmjs.org/nodemailer/-/nodemailer-1.10.0.tgz
42 http 200 https://registry.npmjs.org/nodemailer/-/nodemailer-1.10.0.tgz
43 silly lockFile 609eae75-nodemailer-nodemailer-1-10-0-tgz https://registry.npmjs.org/nodemailer/-/nodemailer-1.10.0.tgz
44 silly lockFile 609eae75-nodemailer-nodemailer-1-10-0-tgz https://registry.npmjs.org/nodemailer/-/nodemailer-1.10.0.tgz
45 silly lockFile d775a011-nodemailer-1-10-0 nodemailer@1.10.0
46 silly lockFile d775a011-nodemailer-1-10-0 nodemailer@1.10.0
47 silly lockFile a9602281-nodemailer nodemailer@
48 silly lockFile a9602281-nodemailer nodemailer@
49 error Error: EACCES, mkdir '/Users/emmanuel/.npm/nodemailer/1.10.0'
49 error  { [Error: EACCES, mkdir '/Users/emmanuel/.npm/nodemailer/1.10.0']
49 error   errno: 3,
49 error   code: 'EACCES',
49 error   path: '/Users/emmanuel/.npm/nodemailer/1.10.0',
49 error   parent: 'NodeGoogleCalendarTutorial' }
50 error Please try running this command again as root/Administrator.
51 error System Darwin 15.0.0
52 error command "node" "/usr/local/bin/npm" "install" "nodemailer"
53 error cwd /Users/emmanuel/Development/MeetMe
54 error node -v v0.10.32
55 error npm -v 1.4.28
56 error path /Users/emmanuel/.npm/nodemailer/1.10.0
57 error code EACCES
58 error errno 3
59 error stack Error: EACCES, mkdir '/Users/emmanuel/.npm/nodemailer/1.10.0'
60 verbose exit [ 3, true ]
